<?xml version="1.0" encoding="UTF-8"?>
<testng-results ignored="0" total="1" passed="1" failed="0" skipped="0">
  <reporter-output>
  </reporter-output>
  <suite started-at="2026-03-15T14:11:45 IST" name="Default suite" finished-at="2026-03-15T14:12:02 IST" duration-ms="17462">
    <groups>
    </groups>
    <test started-at="2026-03-15T14:11:45 IST" name="Default test" finished-at="2026-03-15T14:12:02 IST" duration-ms="17462">
      <class name="tests.TwitchSearchTest">
        <test-method signature="searchStarcraftStreamer()[pri:0, instance:tests.TwitchSearchTest@385c9627]" started-at="2026-03-15T14:11:45 IST" name="searchStarcraftStreamer" finished-at="2026-03-15T14:12:01 IST" duration-ms="16228" status="PASS">
          <reporter-output>
          </reporter-output>
        </test-method> <!-- searchStarcraftStreamer -->
        <test-method is-config="true" signature="closeBrowser()[pri:0, instance:tests.TwitchSearchTest@385c9627]" started-at="2026-03-15T14:12:01 IST" name="closeBrowser" finished-at="2026-03-15T14:12:02 IST" duration-ms="1167" status="PASS">
          <reporter-output>
          </reporter-output>
        </test-method> <!-- closeBrowser -->
      </class> <!-- tests.TwitchSearchTest -->
    </test> <!-- Default test -->
  </suite> <!-- Default suite -->
</testng-results>
